Updating Model file from 20302 to latest format...
Object.registerType: ControlLinear .
Object.registerType: replacing registered object of type ControlLinear
	with a new default object of the same type.
Object.registerType: CoordinateActuator .
Object.registerType: replacing registered object of type CoordinateActuator
	with a new default object of the same type.
Object.registerType: PointActuator .
Object.registerType: replacing registered object of type PointActuator
	with a new default object of the same type.
Object.registerType: TorqueActuator .
Object.registerType: replacing registered object of type TorqueActuator
	with a new default object of the same type.
Updating Muscle object to latest format...
Object.registerType: Thelen2003Muscle .
Object.registerType: replacing registered object of type Thelen2003Muscle
	with a new default object of the same type.
Object.registerType: CMC_Joint .
Object.registerType: replacing registered object of type CMC_Joint
	with a new default object of the same type.
Updating CustomJoint to latest format...
Updating CustomJoint to latest format...
Updating CustomJoint to latest format...
Updating CustomJoint to latest format...
Updating CustomJoint to latest format...
Updating CustomJoint to latest format...
Updating CustomJoint to latest format...
Updating CustomJoint to latest format...
Updating CustomJoint to latest format...
Updating CustomJoint to latest format...
Updating CustomJoint to latest format...
Updating CustomJoint to latest format...
Updating Muscle object to latest format...
Updating Muscle object to latest format...
Updating Muscle object to latest format...
Updating Muscle object to latest format...
Updating Muscle object to latest format...
Updating Muscle object to latest format...
Updating Muscle object to latest format...
Updating Muscle object to latest format...
Updating Muscle object to latest format...
Updating Muscle object to latest format...
Updating Muscle object to latest format...
Updating Muscle object to latest format...
Updating Muscle object to latest format...
Updating Muscle object to latest format...
Updating Muscle object to latest format...
Updating Muscle object to latest format...
Updating Muscle object to latest format...
Updating Muscle object to latest format...
Updating Muscle object to latest format...
Updating Muscle object to latest format...
Updating Muscle object to latest format...
Updating Muscle object to latest format...
Updating Muscle object to latest format...
Updating Muscle object to latest format...
Updating Muscle object to latest format...
Updating Muscle object to latest format...
Updating Muscle object to latest format...
Updating Muscle object to latest format...
Updating MovingPathPoint object to latest format...
Updating Muscle object to latest format...
Updating MovingPathPoint object to latest format...
Updating Muscle object to latest format...
Updating MovingPathPoint object to latest format...
Updating Muscle object to latest format...
Updating MovingPathPoint object to latest format...
Updating Muscle object to latest format...
Updating Muscle object to latest format...
Updating Muscle object to latest format...
Updating Muscle object to latest format...
Updating Muscle object to latest format...
Updating Muscle object to latest format...
Updating Muscle object to latest format...
Updating Muscle object to latest format...
Updating Muscle object to latest format...
Updating Muscle object to latest format...
Updating Muscle object to latest format...
Updating Muscle object to latest format...
Updating Muscle object to latest format...
Updating Muscle object to latest format...
Updating Muscle object to latest format...
Updating Muscle object to latest format...
Updating Muscle object to latest format...
Updating Muscle object to latest format...
Updating Muscle object to latest format...
Updating Muscle object to latest format...
Updating Muscle object to latest format...
Updating Muscle object to latest format...
Updating Muscle object to latest format...
Updating Muscle object to latest format...
Updating Muscle object to latest format...
Updating Muscle object to latest format...
Updating Muscle object to latest format...
Updating Muscle object to latest format...
Updating Muscle object to latest format...
Updating Muscle object to latest format...
Updating Muscle object to latest format...
Updating Muscle object to latest format...
Updating Muscle object to latest format...
Updating Muscle object to latest format...
Updating Muscle object to latest format...
Updating Muscle object to latest format...
Updating Muscle object to latest format...
Updating Muscle object to latest format...
Updating Muscle object to latest format...
Updating Muscle object to latest format...
Updating MovingPathPoint object to latest format...
Updating Muscle object to latest format...
Updating MovingPathPoint object to latest format...
Updating Muscle object to latest format...
Updating MovingPathPoint object to latest format...
Updating Muscle object to latest format...
Updating MovingPathPoint object to latest format...
Updating Muscle object to latest format...
Updating Muscle object to latest format...
Updating Muscle object to latest format...
Updating Muscle object to latest format...
Updating Muscle object to latest format...
Updating Muscle object to latest format...
Updating Muscle object to latest format...
Updating Muscle object to latest format...
Updating Muscle object to latest format...
Updating Muscle object to latest format...
Updating Muscle object to latest format...
Updating Muscle object to latest format...
Updating Muscle object to latest format...
Updating Muscle object to latest format...
Updating Muscle object to latest format...
Updating Muscle object to latest format...
Updating Muscle object to latest format...
Updating Muscle object to latest format...
Loaded model subject01 from file E:\bugs\jrvis\subject01_simbody_adjusted.osim
Finished addToSystem for Bodies.
Calling addToSystem for Joint ground_pelvis ...
Calling addToSystem for Joint hip_r ...
Calling addToSystem for Joint knee_r ...
Calling addToSystem for Joint ankle_r ...
Calling addToSystem for Joint subtalar_r ...
Calling addToSystem for Joint mtp_r ...
Calling addToSystem for Joint hip_l ...
Calling addToSystem for Joint knee_l ...
Calling addToSystem for Joint ankle_l ...
Calling addToSystem for Joint subtalar_l ...
Calling addToSystem for Joint mtp_l ...
Calling addToSystem for Joint back ...
Finished addToSystem for Joints.
Finished addToSystem for Constraints.
Finished addToSystem for Contact Geometry.
Finished adding constraints for Coordinates.
Finished addToSystem for Forces.
Finished addToSystem for Probes.
Finished addToSystem for Controllers.
Finished addToSystem for user added Components.
Finished addToSystem for Bodies.
Calling addToSystem for Joint ground_pelvis ...
Calling addToSystem for Joint hip_r ...
Calling addToSystem for Joint knee_r ...
Calling addToSystem for Joint ankle_r ...
Calling addToSystem for Joint subtalar_r ...
Calling addToSystem for Joint mtp_r ...
Calling addToSystem for Joint hip_l ...
Calling addToSystem for Joint knee_l ...
Calling addToSystem for Joint ankle_l ...
Calling addToSystem for Joint subtalar_l ...
Calling addToSystem for Joint mtp_l ...
Calling addToSystem for Joint back ...
Finished addToSystem for Joints.
Finished addToSystem for Constraints.
Finished addToSystem for Contact Geometry.
Finished adding constraints for Coordinates.
Finished addToSystem for Forces.
Finished addToSystem for Probes.
Finished addToSystem for Controllers.
Finished addToSystem for user added Components.
Finished addToSystem for Bodies.
Calling addToSystem for Joint ground_pelvis ...
Calling addToSystem for Joint hip_r ...
Calling addToSystem for Joint knee_r ...
Calling addToSystem for Joint ankle_r ...
Calling addToSystem for Joint subtalar_r ...
Calling addToSystem for Joint mtp_r ...
Calling addToSystem for Joint hip_l ...
Calling addToSystem for Joint knee_l ...
Calling addToSystem for Joint ankle_l ...
Calling addToSystem for Joint subtalar_l ...
Calling addToSystem for Joint mtp_l ...
Calling addToSystem for Joint back ...
Finished addToSystem for Joints.
Finished addToSystem for Constraints.
Finished addToSystem for Contact Geometry.
Finished adding constraints for Coordinates.
Finished addToSystem for Forces.
Finished addToSystem for Probes.
Finished addToSystem for Controllers.
Finished addToSystem for user added Components.
Finished addToSystem for Bodies.
Calling addToSystem for Joint ground_pelvis ...
Calling addToSystem for Joint hip_r ...
Calling addToSystem for Joint knee_r ...
Calling addToSystem for Joint ankle_r ...
Calling addToSystem for Joint subtalar_r ...
Calling addToSystem for Joint mtp_r ...
Calling addToSystem for Joint hip_l ...
Calling addToSystem for Joint knee_l ...
Calling addToSystem for Joint ankle_l ...
Calling addToSystem for Joint subtalar_l ...
Calling addToSystem for Joint mtp_l ...
Calling addToSystem for Joint back ...
Finished addToSystem for Joints.
Finished addToSystem for Constraints.
Finished addToSystem for Contact Geometry.
Finished adding constraints for Coordinates.
Finished addToSystem for Forces.
Finished addToSystem for Probes.
Finished addToSystem for Controllers.
Finished addToSystem for user added Components.
Finished addToSystem for Bodies.
Calling addToSystem for Joint ground_pelvis ...
Calling addToSystem for Joint hip_r ...
Calling addToSystem for Joint knee_r ...
Calling addToSystem for Joint ankle_r ...
Calling addToSystem for Joint subtalar_r ...
Calling addToSystem for Joint mtp_r ...
Calling addToSystem for Joint hip_l ...
Calling addToSystem for Joint knee_l ...
Calling addToSystem for Joint ankle_l ...
Calling addToSystem for Joint subtalar_l ...
Calling addToSystem for Joint mtp_l ...
Calling addToSystem for Joint back ...
Finished addToSystem for Joints.
Finished addToSystem for Constraints.
Finished addToSystem for Contact Geometry.
Finished adding constraints for Coordinates.
Finished addToSystem for Forces.
Finished addToSystem for Probes.
Finished addToSystem for Controllers.
Finished addToSystem for user added Components.
Finished addToSystem for Bodies.
Calling addToSystem for Joint ground_pelvis ...
Calling addToSystem for Joint hip_r ...
Calling addToSystem for Joint knee_r ...
Calling addToSystem for Joint ankle_r ...
Calling addToSystem for Joint subtalar_r ...
Calling addToSystem for Joint mtp_r ...
Calling addToSystem for Joint hip_l ...
Calling addToSystem for Joint knee_l ...
Calling addToSystem for Joint ankle_l ...
Calling addToSystem for Joint subtalar_l ...
Calling addToSystem for Joint mtp_l ...
Calling addToSystem for Joint back ...
Finished addToSystem for Joints.
Finished addToSystem for Constraints.
Finished addToSystem for Contact Geometry.
Finished adding constraints for Coordinates.
Finished addToSystem for Forces.
Finished addToSystem for Probes.
Finished addToSystem for Controllers.
Finished addToSystem for user added Components.
